f:\c++study\c-_study\c++笔记\第3章\3-9\3-9\debug\3-9.pch
f:\c++study\c-_study\c++笔记\第3章\3-9\3-9\debug\vc120.pdb
f:\c++study\c-_study\c++笔记\第3章\3-9\3-9\debug\vc120.idb
f:\c++study\c-_study\c++笔记\第3章\3-9\3-9\debug\stdafx.obj
f:\c++study\c-_study\c++笔记\第3章\3-9\3-9\debug\3-9.obj
f:\c++study\c-_study\c++笔记\第3章\3-9\3-9\debug\a.obj
f:\c++study\c-_study\c++笔记\第3章\3-9\3-9\debug\func.obj
f:\c++study\c-_study\c++笔记\第3章\3-9\3-9\debug\human.obj
f:\c++study\c-_study\c++笔记\第3章\3-9\3-9\debug\men.obj
f:\c++study\c-_study\c++笔记\第3章\3-9\3-9\debug\women.obj
f:\c++study\c-_study\c++笔记\第3章\3-9\3-9\debug\c.obj
f:\c++study\c-_study\c++笔记\第3章\3-9\debug\3-9.ilk
f:\c++study\c-_study\c++笔记\第3章\3-9\debug\3-9.exe
f:\c++study\c-_study\c++笔记\第3章\3-9\debug\3-9.pdb
f:\c++study\c-_study\c++笔记\第3章\3-9\3-9\debug\3-9.tlog\cl.command.1.tlog
f:\c++study\c-_study\c++笔记\第3章\3-9\3-9\debug\3-9.tlog\cl.read.1.tlog
f:\c++study\c-_study\c++笔记\第3章\3-9\3-9\debug\3-9.tlog\cl.write.1.tlog
f:\c++study\c-_study\c++笔记\第3章\3-9\3-9\debug\3-9.tlog\link.command.1.tlog
f:\c++study\c-_study\c++笔记\第3章\3-9\3-9\debug\3-9.tlog\link.read.1.tlog
f:\c++study\c-_study\c++笔记\第3章\3-9\3-9\debug\3-9.tlog\link.write.1.tlog
