f:\c++study\c-_study\c++笔记\第3章\第一节\consoleapplication1\consoleapplication1\debug\consoleapplication1.pch
f:\c++study\c-_study\c++笔记\第3章\第一节\consoleapplication1\consoleapplication1\debug\vc120.pdb
f:\c++study\c-_study\c++笔记\第3章\第一节\consoleapplication1\consoleapplication1\debug\vc120.idb
f:\c++study\c-_study\c++笔记\第3章\第一节\consoleapplication1\consoleapplication1\debug\stdafx.obj
f:\c++study\c-_study\c++笔记\第3章\第一节\consoleapplication1\consoleapplication1\debug\main.obj
f:\c++study\c-_study\c++笔记\第3章\第一节\consoleapplication1\consoleapplication1\debug\time.obj
f:\c++study\c-_study\c++笔记\第3章\第一节\consoleapplication1\debug\consoleapplication1.ilk
f:\c++study\c-_study\c++笔记\第3章\第一节\consoleapplication1\debug\consoleapplication1.exe
f:\c++study\c-_study\c++笔记\第3章\第一节\consoleapplication1\debug\consoleapplication1.pdb
f:\c++study\c-_study\c++笔记\第3章\3-2\project3-2\consoleapplication1\debug\main.obj
f:\c++study\c-_study\c++笔记\第3章\3-2\project3-2\consoleapplication1\debug\stdafx.obj
f:\c++study\c-_study\c++笔记\第3章\3-2\project3-2\consoleapplication1\debug\time.obj
f:\c++study\c-_study\c++笔记\第3章\3-2\project3-2\consoleapplication1\debug\consoleapplication1.pch
f:\c++study\c-_study\c++笔记\第3章\3-2\project3-2\consoleapplication1\debug\vc120.idb
f:\c++study\c-_study\c++笔记\第3章\3-2\project3-2\consoleapplication1\debug\vc120.pdb
f:\c++study\c-_study\c++笔记\第3章\3-2\project3-2\debug\consoleapplication1.pdb
f:\c++study\c-_study\c++笔记\第3章\3-2\project3-2\debug\consoleapplication1.exe
f:\c++study\c-_study\c++笔记\第3章\3-2\project3-2\debug\consoleapplication1.ilk
f:\c++study\c-_study\c++笔记\第3章\3-2\project3-2\consoleapplication1\debug\consolea.9c2706e1.tlog\cl.command.1.tlog
f:\c++study\c-_study\c++笔记\第3章\3-2\project3-2\consoleapplication1\debug\consolea.9c2706e1.tlog\cl.read.1.tlog
f:\c++study\c-_study\c++笔记\第3章\3-2\project3-2\consoleapplication1\debug\consolea.9c2706e1.tlog\cl.write.1.tlog
f:\c++study\c-_study\c++笔记\第3章\3-2\project3-2\consoleapplication1\debug\consolea.9c2706e1.tlog\link.command.1.tlog
f:\c++study\c-_study\c++笔记\第3章\3-2\project3-2\consoleapplication1\debug\consolea.9c2706e1.tlog\link.read.1.tlog
f:\c++study\c-_study\c++笔记\第3章\3-2\project3-2\consoleapplication1\debug\consolea.9c2706e1.tlog\link.write.1.tlog
